CGTN,https://0472.org/hls/cgtn.m3u8
CGTN,http://english-livetx.cgtn.com/hls/yypdyyctzb_hd.m3u8
CGTN俄语,https://0472.org/hls/cgtne.m3u8
CGTN俄语,http://russian-livews.cgtn.com/hls/LSvexABhNipibK5KRuUkvHZ7220802LSTeze9o8tdFXMHsb1VosgoT220802cd.m3u8
CGTN法语,https://0472.org/hls/cgtnf.m3u8
CGTN法语,http://espanol-liveali.cgtn.com/hls/LSveOGBaBw41Ea7ukkVAUdKQ220802LSTexu6xAuFH8VZNBLE1ZNEa220802cd.m3u8
CGTN纪录,https://0472.org/hls/cgtnd.m3u8
CGTN纪录,https://english-livetx.cgtn.com/hls/yypdjlctzb_hd.m3u8
CGTN西语,https://0472.org/hls/cgtnx.m3u8
CGTN阿语,https://0472.org/hls/cgtna.m3u8
熊猫直播,https://gcwbndali.v.myalicdn.com/gcwbnd/ipanda1000_2/index.m3u8
直播中国,https://gcalic.v.myalicdn.com/gc/wgw05_1/index.m3u8?contentid=2820180516001
支持作者,https://vd3.bdstatic.com/mda-rkaittm5s06vzzyq/sc/cae_h264/1762869883709304452/mda-rkaittm5s06vzzyq.mp4
兵团卫视,http://183.11.239.36:808/hls/7/index.m3u8
兵团卫视,http://120.76.248.139/live/bfgd/4200000124.m3u8
兵团卫视,http://218.13.170.98:9901/tsfile/live/0115_1.m3u8
海峡卫视,http://8.138.7.223/tv/hxws.m3u8
海峡卫视,http://38.64.72.148:80/hls/modn/list/4009/chunklist0.m3u8
海峡卫视,http://38.64.72.148:80/hls/modn/list/4009/playlist.m3u8
海峡卫视,http://hlsbkmgsplive.miguvideo.com/migu/kailu/haixiaws/57/20230724/01.m3u8?msisdn=&Channel_ID=&ContentId=&HlsSubType=&HlsProfileId=&encrypt=
农林卫视,http://120.76.248.139/live/bfgd/4200000122.m3u8
农林卫视,http://8.138.7.223/【公众号：榴芒电视】/农林卫视.m3u8
农林卫视,http://124.116.183.146:9901/tsfile/live/1004_1.m3u8
农林卫视,http://124.116.183.146:9901/tsfile/live/1004_1.m3u8?key=txiptv&playlive=1&authid=0
北京卫视4K超,http://183.215.134.239:19901/tsfile/live/0122_1.m3u8?key=txiptv&playlive=1&authid=0
四川卫视4K,http://39.152.103.17:8089/tsfile/live/1044_1.m3u8
苏州4K,https://tylive.kan0512.com/norecord/csztv4k_4k.m3u8
凤凰电影,http://iot-mqqt.111yao.cn:8080/live/diyp_fhdy.m3u8
龙华电影,https://cdn8.163189.xyz/live/lhdy/stream.m3u8
AMC电影,http://61.221.215.25:8800/hls/43/index.m3u8
28岁电影,https://goodiptv.club/douyu/8884164
CHC电影,http://183.237.95.108:9901/tsfile/live/1008_1.m3u8?key=txiptv&playlive=0&authid=0
三七电影V,https://goodiptv.club/douyu/9457792
二胖影视,https://goodiptv.club/douyu/10064260
五分钟电影汇,https://goodiptv.club/douyu/8443438
人在囧途,https://vip.ffzy-play.com/20221018/1953_2d6ba500/index.m3u8
人在囧途之泰囧,https://vip.ffzy-play.com/20221018/1951_47e1adc8/index.m3u8
人在囧途之港囧,https://vip.ffzy-play7.com/20230112/11082_fde1a94d/index.m3u8
佛曰影视,https://goodiptv.club/douyu/9671758
倩女幽魂人间道,http://jsmov2.a.yximgs.com/bs3/video-hls/5250634317044855747_hlsb.m3u8
倩女幽魂妖魔道,http://jsmov2.a.yximgs.com/bs3/video-hls/5232901391302199073_hlsb.m3u8
倩女幽魂道道道,http://jsmov2.a.yximgs.com/bs3/video-hls/5216294367991385255_hlsb.m3u8
刘哔电影,https://goodiptv.club/douyu/2632223
前任电影,https://goodiptv.club/douyu/9329242
发条张的电影最TOP,https://goodiptv.club/douyu/2164691
哈利影视,https://goodiptv.club/douyu/8475821
唯爱经典影视,https://goodiptv.club/douyu/7582564
喜人电影,https://goodiptv.club/douyu/10348735
喜剧电影笑不停,https://goodiptv.club/douyu/10298856
噬元兽影视,https://goodiptv.club/douyu/8896723
墨逗电影,https://goodiptv.club/douyu/9614847
大米饭影视,https://goodiptv.club/douyu/9824094
大荒电影,https://goodiptv.club/douyu/3508538
奇怪电影,https://goodiptv.club/douyu/9440966
寒战,https://vip.ffzy-play6.com/20221019/157_bf0740ee/index.m3u8
影视梗大叔,https://goodiptv.club/douyu/9480648
影视笑工场,https://goodiptv.club/douyu/10298846
影视英雄汇,https://goodiptv.club/douyu/10240495
影视集装箱,https://goodiptv.club/douyu/8651489
怪兽马提尼电影,https://goodiptv.club/douyu/9075333
怪味爆米花电影,https://goodiptv.club/douyu/9422144
我不是药神,https://vip.ffzy-play1.com/20221018/478_c3afed66/index.m3u8
拆弹专家1,https://vip.ffzy-online.com/20221015/719_80ff87c2/index.m3u8
拆弹专家2,https://vip.ffzy-online.com/20221015/722_e32c42bc/index.m3u8
无际电影,https://goodiptv.club/douyu/9720498
有部电影儿,https://goodiptv.club/douyu/9736479
每日好电影V,https://goodiptv.club/douyu/9533302
洛克电影,https://goodiptv.club/douyu/9414884
涛浪浪电影,https://goodiptv.club/douyu/5424258
熊猫电影,https://goodiptv.club/douyu/3506483
特辑电影院,https://goodiptv.club/douyu/3637778
狗毛电影,https://goodiptv.club/douyu/9356637
独立鱼电影,https://goodiptv.club/douyu/2413555
猫眼电影,https://goodiptv.club/douyu/8726221
玖月影视,https://goodiptv.club/douyu/9339251
电影七十二变,https://goodiptv.club/douyu/9323164
电影丧尸片,http://live.metshop.top/huya/21059578?cdn=alicdn
电影先锋V,https://goodiptv.club/douyu/8711212
电影八点档,http://live.metshop.top/huya/880261?cdn=alicdn
电影刘德华,http://live.metshop.top/huya/11342424?cdn=alicdn
电影刘油果,https://goodiptv.club/douyu/3985805
电影动作电影,http://live.metshop.top/huya/11602077?cdn=alicdn
电影吐槽汇,https://goodiptv.club/douyu/9447668
电影周星星,http://live.metshop.top/huya/11336587?cdn=alicdn
电影嫣然影厅,http://live.metshop.top/huya/11601977?cdn=alicdn
电影小班长,https://goodiptv.club/douyu/549693
电影幕后喵,https://goodiptv.club/douyu/8884074
电影战争片,http://live.metshop.top/huya/21059574?cdn=alicdn
电影搞笑喜剧,http://live.metshop.top/huya/11342423?cdn=alicdn
电影梁家辉,http://live.metshop.top/huya/11342429?cdn=alicdn
电影漩涡,https://goodiptv.club/douyu/8706350
电影犯罪片,http://live.metshop.top/huya/11352974?cdn=alicdn
电影谍战,http://live.metshop.top/huya/21059585?cdn=alicdn
电影谍战片,http://live.metshop.top/huya/21059587?cdn=alicdn
电影贺岁,http://live.metshop.top/huya/11601971?cdn=alicdn
电影高分动作,http://live.metshop.top/huya/11352884?cdn=alicdn
电影黑匣子,https://goodiptv.club/douyu/8706652
粤语电影丶,https://goodiptv.club/douyu/1226741
维立方电影,https://goodiptv.club/douyu/8706393
老王的夜电影院,https://goodiptv.club/douyu/3498219
老电影故事,https://goodiptv.club/douyu/9167273
腹黑电影,https://goodiptv.club/douyu/8867878
莱纳电影,https://goodiptv.club/douyu/9356937
让子弹飞,https://vip.ffzy-play7.com/20230116/11563_b9f44814/index.m3u8
贝爷求生影视,https://goodiptv.club/douyu/9661369
贰哥电影,https://goodiptv.club/douyu/9338867
逐梦电影,https://goodiptv.club/douyu/4058285
野格影视,https://goodiptv.club/douyu/9931766
铁血影视汇,https://goodiptv.club/douyu/9649701
阿苏电影,https://goodiptv.club/douyu/9037784
韩国电影2,https://stream.ads.ottera.tv/playlist.m3u8?network_id=743
香兰爱影视,https://goodiptv.club/douyu/9487090
龙门飞甲,http://jsmov2.a.yximgs.com/bs3/video-hls/5203346449046555193_hlsb.m3u8
纪实科教8K,http://111.31.106.140/downflv.brtvcloud.com/8klive/8kliveok.m3u8
南国都市,https://tencentplay.gztv.com/live/nanguodushi.m3u8?txSecret=550af55c0ea34ce492748481415b6dfa&txTime=1903e7b17de
纪实科教,http://120.76.248.139/live/bfgd/4200000113.m3u8
广东少儿,http://gmxw.7766.org:808/hls/175/index.m3u8
动画大师姐,https://goodiptv.club/douyu/9742136
动画魂,https://goodiptv.club/douyu/9393242
韩国EBS少儿,http://ebsonairios.ebs.co.kr/ebsutablet500k/tablet500k/playlist.m3u8
0小行家0,https://goodiptv.club/douyu/9280356
11No巴蒂11,https://goodiptv.club/douyu/9455937
3030相声小品,https://goodiptv.club/douyu/9286868
3秒爱上学习V,https://goodiptv.club/douyu/9541736
7师傅,https://goodiptv.club/douyu/17732
9iota,https://goodiptv.club/douyu/8881729
AK萌虎,https://goodiptv.club/douyu/4049310
Acer丶宏正,https://goodiptv.club/douyu/10670244
Angela小兔,https://goodiptv.club/douyu/9617766
Bella贝拉酱,https://goodiptv.club/douyu/9663084
BetterMan北北,https://goodiptv.club/douyu/8507023
Biu餐厅主管,https://goodiptv.club/douyu/7921708
BuriedAlien的号,https://goodiptv.club/douyu/9440728
CF柒年,https://goodiptv.club/douyu/9087887
C座802,https://goodiptv.club/douyu/8768943
DS女老诗,https://goodiptv.club/douyu/563536
Devil青酱,https://goodiptv.club/douyu/9510544
Ethan清醒思考,https://goodiptv.club/douyu/9481151
FGO丶Master1,https://goodiptv.club/douyu/9477851
Fatal飞雪,https://goodiptv.club/douyu/8813596
Hi欣欣,https://goodiptv.club/douyu/11996166
JhZj丶天明,https://goodiptv.club/douyu/1006179
Jonas888,https://goodiptv.club/douyu/6054446
KBShinya,https://goodiptv.club/douyu/8970851
KUMA轻松熊博士,https://goodiptv.club/douyu/2282604
KyoKyo不是QQ,https://goodiptv.club/douyu/4732337
LOUIS樱,https://goodiptv.club/douyu/9235284
LR1245,https://goodiptv.club/douyu/12534632
MJ小林大人嗷,https://goodiptv.club/douyu/9204381
MordonFreeman是谁,https://goodiptv.club/douyu/9524579
Nino学长,https://goodiptv.club/douyu/9525473
OE档案,https://goodiptv.club/douyu/6725858
Only丶邵氏,https://goodiptv.club/douyu/4246519
PhantomStrider,https://goodiptv.club/douyu/9683911
Poison丶冰冰,https://goodiptv.club/douyu/74374
Psyman塞门,https://goodiptv.club/douyu/9753585
QLIMES,https://goodiptv.club/douyu/1039732
RNDxc,https://goodiptv.club/douyu/4585643
Rabbit每日爆料,https://goodiptv.club/douyu/9685652
Red袖袖,https://goodiptv.club/douyu/9645396
SH11N,https://goodiptv.club/douyu/9650451
SKYE魏,https://goodiptv.club/douyu/9460834
Svip丶YoYo,https://goodiptv.club/douyu/3472959
TSSS映画,https://goodiptv.club/douyu/9749339
TUOK肖恩,https://goodiptv.club/douyu/9392433
UP主DJC,https://goodiptv.club/douyu/9429545
WANJINNY,https://goodiptv.club/douyu/9567755
W总动员,https://goodiptv.club/douyu/9480767
XCin888,https://goodiptv.club/douyu/3617935
YIKa777,https://goodiptv.club/douyu/8868213
a5dmin,https://goodiptv.club/douyu/1102973
a萌小翘臀,https://goodiptv.club/douyu/7552568
baby丶贝贝,https://goodiptv.club/douyu/431460
bbox达人,https://goodiptv.club/douyu/428402
dw151295068,https://goodiptv.club/douyu/12655359
dy荒野建造,https://goodiptv.club/douyu/10039437
epcdiy,https://goodiptv.club/douyu/8759268
fans圈娱乐,https://goodiptv.club/douyu/9630581
gslaini,https://goodiptv.club/douyu/6997954
kk6506,https://goodiptv.club/douyu/4579455
ljgdy,https://goodiptv.club/douyu/1600769
low君热剧,https://goodiptv.club/douyu/8461020
mad叶月Mashiro灬,https://goodiptv.club/douyu/9192932
mn静静nm,https://goodiptv.club/douyu/5668371
mzx阿哲,https://goodiptv.club/douyu/9483965
py86阿,https://goodiptv.club/douyu/8849954
xiaoxiao1004,https://goodiptv.club/douyu/2569874
一个机智张张,https://goodiptv.club/douyu/9653063
一把钢刀镇斗虞,https://goodiptv.club/douyu/7356023
一束光开始,https://goodiptv.club/douyu/8662684
一条正弦sin,https://goodiptv.club/douyu/9497985
一条闲木鱼,https://goodiptv.club/douyu/10102281
一生titus,https://goodiptv.club/douyu/12065569
一目十影,https://goodiptv.club/douyu/3643605
一颗咕咕星,https://goodiptv.club/douyu/9388557
万事通熊猫,https://goodiptv.club/douyu/7812810
万合鲜肉老师,https://goodiptv.club/douyu/9815091
三个老爸实验室,https://goodiptv.club/douyu/9090487
三国颜老师,https://goodiptv.club/douyu/12253936
三斤呦,https://goodiptv.club/douyu/9047933
三新动漫,https://goodiptv.club/douyu/9548279
不二真探,https://goodiptv.club/douyu/10319545
不会骑马的健身少年,https://goodiptv.club/douyu/8862198
不思异剧场,https://goodiptv.club/douyu/9297412
世界未解之谜M,https://goodiptv.club/douyu/9369468
世界纪录大全,https://goodiptv.club/douyu/9406359
丛林工程师,https://goodiptv.club/douyu/9804149
中二大帝妮可姬,https://goodiptv.club/douyu/9612400
中二的枫哲酱,https://goodiptv.club/douyu/9541849
丶清风浊酒丶,https://goodiptv.club/douyu/5918434
主播拍个肚皮,https://goodiptv.club/douyu/9387499
乌拉吖有剧,https://goodiptv.club/douyu/10075154
乐儿丶Ler,https://goodiptv.club/douyu/8221699
九冢嵬,https://goodiptv.club/douyu/9393501
乡间大路上,https://goodiptv.club/douyu/9850661
书岳钓鱼,https://goodiptv.club/douyu/10100206
二次元fans鹿鹿,https://goodiptv.club/douyu/8661526
云襄白羽,https://goodiptv.club/douyu/10508677
亮亮也是酿酿,https://goodiptv.club/douyu/4340136
人生回答机本机,https://goodiptv.club/douyu/9409722
人类早期驯服,https://goodiptv.club/douyu/8892864
仓鼠大逃亡,https://goodiptv.club/douyu/10354920
伊太刀刀,https://goodiptv.club/douyu/747764
伊西wind,https://goodiptv.club/douyu/12641373
你的瑜伽女孩,https://goodiptv.club/douyu/10205199
你真像个小丑,https://goodiptv.club/douyu/10730187
你顶亲亲的前女友,https://goodiptv.club/douyu/8896746
俩个麻瓜,https://goodiptv.club/douyu/10121755
傲娇一喵喵,https://goodiptv.club/douyu/9392610
傲娇的超级赛亚人,https://goodiptv.club/douyu/4373285
光之镇魂曲,https://goodiptv.club/douyu/12684513
兔兔MC维辰软桃团,https://goodiptv.club/douyu/8266799
八幡老师1,https://goodiptv.club/douyu/9272043
关云猖,https://goodiptv.club/douyu/8820996
养狗的一浩,https://goodiptv.club/douyu/9478842
内蒙卡秋,https://goodiptv.club/douyu/9067858
内蒙古欢乐驿站,https://goodiptv.club/douyu/9365077
农村一级野钓大师,https://goodiptv.club/douyu/9433591
农村幺妹儿,https://goodiptv.club/douyu/9344884
冥王星丶丶,https://goodiptv.club/douyu/296575
冰糖葫芦没放盐V,https://goodiptv.club/douyu/3505453
冷孝洪,https://goodiptv.club/douyu/9527761
几号房间,https://goodiptv.club/douyu/8829425
凤起青云,https://goodiptv.club/douyu/749124
刀刀de食堂,https://goodiptv.club/douyu/6733133
分享备用,https://goodiptv.club/douyu/5804577
刘松毅,https://goodiptv.club/douyu/12128227
创艺微视觉,https://goodiptv.club/douyu/12619211
利利川,https://goodiptv.club/douyu/9329249
别闹了美越,https://goodiptv.club/douyu/9548244
制造show,https://goodiptv.club/douyu/9550226
剧燃有趣,https://goodiptv.club/douyu/10329702
剧能下饭鹰,https://goodiptv.club/douyu/11931032
剧透大爆炸,https://goodiptv.club/douyu/1739752
动漫推荐i,https://goodiptv.club/douyu/5187099
助眠师海宝宝,https://goodiptv.club/douyu/1103328
励志少年派,https://goodiptv.club/douyu/8700367
勇敢的荒野人,https://goodiptv.club/douyu/9618038
北京影帝的分身,https://goodiptv.club/douyu/9805480
十七岁的道姑,https://goodiptv.club/douyu/3186217
半打星冰乐,https://goodiptv.club/douyu/7481383
华白雨,https://goodiptv.club/douyu/9495454
单纯的顺才少爷,https://goodiptv.club/douyu/10084875
卖女孩滴小姑凉,https://goodiptv.club/douyu/922564
卖爆鱼的小姑娘,https://goodiptv.club/douyu/5982597
南国小豆豆,https://goodiptv.club/douyu/3310454
卡密密尼,https://goodiptv.club/douyu/9013989
卡皮君本人,https://goodiptv.club/douyu/9050486
卿离倾心,https://goodiptv.club/douyu/7286439
历史经典烩,https://goodiptv.club/douyu/9487003
压力洋哥,https://goodiptv.club/douyu/5297259
去种田的向凹凸,https://goodiptv.club/douyu/9570290
只关于篮球的只老师,https://goodiptv.club/douyu/9367541
可乐家的老骑士,https://goodiptv.club/douyu/9958943
台球帝,https://goodiptv.club/douyu/10078171
史君观影,https://goodiptv.club/douyu/9644669
吃鸡小表弟,https://goodiptv.club/douyu/9370197
同学请坐吧,https://goodiptv.club/douyu/3736649
同行渔猎笔记,https://goodiptv.club/douyu/2718202
名人物语DY,https://goodiptv.club/douyu/9539063
名曰老饕,https://goodiptv.club/douyu/1732550
君笑坊,https://goodiptv.club/douyu/9444093
吟游诗人基德,https://goodiptv.club/douyu/9337049
吟笑派,https://goodiptv.club/douyu/2987100
吸奇侠,https://goodiptv.club/douyu/8986636
吾恩5nn,https://goodiptv.club/douyu/9631914
周六野Zoey,https://goodiptv.club/douyu/8912150
周扒片,https://goodiptv.club/douyu/6434857
周星驰的直播间,https://goodiptv.club/douyu/8257039
周队长captain,https://goodiptv.club/douyu/9023539
和猫住丶,https://goodiptv.club/douyu/850030
咚得勒咚咚,https://goodiptv.club/douyu/9163452
咸车,https://goodiptv.club/douyu/9498554
咸鱼翻身是另一面咸鱼,https://goodiptv.club/douyu/527076
哇萨比抓马WD,https://goodiptv.club/douyu/8808506
哲忆丶,https://goodiptv.club/douyu/8977251
唐人探影,https://goodiptv.club/douyu/10371561
善逸丶,https://goodiptv.club/douyu/2067020
喵招诗雨,https://goodiptv.club/douyu/9651121
喵来啦V,https://goodiptv.club/douyu/8657669
嘴巴鼻子没有沟,https://goodiptv.club/douyu/10217984
国士无双人物传奇,https://goodiptv.club/douyu/9544555
国际吸猫协会,https://goodiptv.club/douyu/8657834
圈踢动漫,https://goodiptv.club/douyu/1952680
在下小苏Su,https://goodiptv.club/douyu/8658051
培根悖论唠唠嗑,https://goodiptv.club/douyu/5354713
堇姑娘,https://goodiptv.club/douyu/297689
壹丨哥,https://goodiptv.club/douyu/5692901
夏利俊EWE路亚,https://goodiptv.club/douyu/9974427
夏夜柚子树,https://goodiptv.club/douyu/9606419
夏天的西瓜不想冰镇,https://goodiptv.club/douyu/4943557
夏日幻听MCE,https://goodiptv.club/douyu/9546437
外卖仙人成天,https://goodiptv.club/douyu/9498506
夙瑶瑾,https://goodiptv.club/douyu/9450568
多发几个思雨,https://goodiptv.club/douyu/7256376
多多其木格,https://goodiptv.club/douyu/9075374
多巴安工作室,https://goodiptv.club/douyu/9446799
夜与白鲸V,https://goodiptv.club/douyu/9734515
大力学姐,https://goodiptv.club/douyu/8784719
大坑侦探社,https://goodiptv.club/douyu/9440339
大帅比陈雅楠,https://goodiptv.club/douyu/9718700
大庆在农村,https://goodiptv.club/douyu/9477316
大汁猪,https://goodiptv.club/douyu/9191071
大河庄一世繁华,https://goodiptv.club/douyu/9501548
大漠叔叔Dm,https://goodiptv.club/douyu/1109218
大熊观影,https://goodiptv.club/douyu/8851140
大狼狗刨祖坟,https://goodiptv.club/douyu/10217975
大笑影院,https://goodiptv.club/douyu/10329300
大胡子魏,https://goodiptv.club/douyu/8792763
大蓝雀,https://goodiptv.club/douyu/8656759
天JIANG,https://goodiptv.club/douyu/9455480
天才大熊猫啊,https://goodiptv.club/douyu/10646699
天才简史,https://goodiptv.club/douyu/8662915
天才霸总的狐崽崽,https://goodiptv.club/douyu/10394922
奇光主播A,https://goodiptv.club/douyu/12789484
奇光主播e,https://goodiptv.club/douyu/11849873
奇光主播q,https://goodiptv.club/douyu/12560807
奇兮兮悄陌,https://goodiptv.club/douyu/953193
奇妙博物馆,https://goodiptv.club/douyu/9409723
奇趣研究,https://goodiptv.club/douyu/8661456
奥雷卡尔克斯,https://goodiptv.club/douyu/1224356
女团社颜老师,https://goodiptv.club/douyu/11327316
妈见打ovo,https://goodiptv.club/douyu/9413151
娱乐扒叔,https://goodiptv.club/douyu/9624581
婧公子,https://goodiptv.club/douyu/9464182
孙毛毛Suny,https://goodiptv.club/douyu/9424103
学徒郭昱麟,https://goodiptv.club/douyu/8871095
宇宙探索飞船,https://goodiptv.club/douyu/9456028
宇宙无敌韩三金,https://goodiptv.club/douyu/3194372
宇宙视界,https://goodiptv.club/douyu/9498354
安安601801,https://goodiptv.club/douyu/11283504
安琪儿的羽翼,https://goodiptv.club/douyu/9388783
宋小宝小品,https://goodiptv.club/douyu/9817729
宝蓝和朋友们,https://goodiptv.club/douyu/9283356
尉迟杰影评,https://goodiptv.club/douyu/8850682
小侠来了,https://goodiptv.club/douyu/9734042
小兰酱177,https://goodiptv.club/douyu/11490031
小太V,https://goodiptv.club/douyu/9606954
小姐姐Bie跑哦,https://goodiptv.club/douyu/8666258
小姐姐不记得,https://goodiptv.club/douyu/3700024
小小天才搞笑视频,https://goodiptv.club/douyu/9419678
小小甜的骑士,https://goodiptv.club/douyu/9236042
小小鹿老师,https://goodiptv.club/douyu/9442889
小明不背锅up,https://goodiptv.club/douyu/117854
小木鱼de妈妈,https://goodiptv.club/douyu/11199147
小林家的旗女仆,https://goodiptv.club/douyu/9211287
小毅主播A,https://goodiptv.club/douyu/12780285
小毅主播e,https://goodiptv.club/douyu/11851549
小毅主播q,https://goodiptv.club/douyu/6906628
小猪优版剧院,https://goodiptv.club/douyu/10297898
小猪搞笑精选,https://goodiptv.club/douyu/10329752
小红在农村,https://goodiptv.club/douyu/1492444
小约翰可汗,https://goodiptv.club/douyu/9738854
小艾大叔,https://goodiptv.club/douyu/9314668
小铁房乐队,https://goodiptv.club/douyu/9624976
小青放映社,https://goodiptv.club/douyu/9314689
小馒头叫包几,https://goodiptv.club/douyu/9028721
小鸭子老师,https://goodiptv.club/douyu/9627625
小鹏漫剪,https://goodiptv.club/douyu/9476810
小黑豹子啊,https://goodiptv.club/douyu/9458184
少女娜娜酱,https://goodiptv.club/douyu/9445557
少年阿虎233,https://goodiptv.club/douyu/9396762
少打白骨精,https://goodiptv.club/douyu/11531165
尚大人OwO,https://goodiptv.club/douyu/9656124
尽整没用D,https://goodiptv.club/douyu/8791622
屁屁鲁男孩,https://goodiptv.club/douyu/708526
山下智博official,https://goodiptv.club/douyu/9186596
岚FLL,https://goodiptv.club/douyu/9409703
崔杋圭五颜一,https://goodiptv.club/douyu/8189873
崔然竣舞台天才,https://goodiptv.club/douyu/113158
巅峰球迷会,https://goodiptv.club/douyu/10417360
工藤新医heart,https://goodiptv.club/douyu/8741860
庄尼兔拟音实验室,https://goodiptv.club/douyu/9546169
庆皇龙利余,https://goodiptv.club/douyu/9524210
开心嘴炮,https://goodiptv.club/douyu/9026377
开心锤锤动漫,https://goodiptv.club/douyu/9018297
开心麻花经典小品,https://goodiptv.club/douyu/10153463
开箱嘤嘤怪,https://goodiptv.club/douyu/10319056
开车大神,https://goodiptv.club/douyu/9759970
张小莹要独立,https://goodiptv.club/douyu/9647285
当下频道,https://goodiptv.club/douyu/9389239
当燕双鹰遇见李元芳,https://goodiptv.club/douyu/3439096
当铁手团遇到光复社,https://goodiptv.club/douyu/5875025
彼岸心属MADEIN伊藤美优,https://goodiptv.club/douyu/40471
律子桑,https://goodiptv.club/douyu/9371308
徐大sao,https://goodiptv.club/douyu/7107176
御前狼王顾云川,https://goodiptv.club/douyu/9517289
御魔君,https://goodiptv.club/douyu/9199976
微梦屋,https://goodiptv.club/douyu/7027040
徳彪的奇妙冒险,https://goodiptv.club/douyu/9145648
德井鱼,https://goodiptv.club/douyu/9184833
心叽酱,https://goodiptv.club/douyu/9488056
快乐的小波子,https://goodiptv.club/douyu/9039399
怡宝妹妹丶,https://goodiptv.club/douyu/434971
怪事屋,https://goodiptv.club/douyu/8706084
恨铁,https://goodiptv.club/douyu/6369954
恰饭橘,https://goodiptv.club/douyu/7974136
悉奇,https://goodiptv.club/douyu/9401473
悬疑MOVIE,https://goodiptv.club/douyu/9601429
懂懂1234,https://goodiptv.club/douyu/8729614
懒猫是只喵,https://goodiptv.club/douyu/260322
戏晶SHOW,https://goodiptv.club/douyu/9565130
成龙历险纪,https://goodiptv.club/douyu/2287949
我为奥迪上黄金,https://goodiptv.club/douyu/9336286
我们可爱的程程,https://goodiptv.club/douyu/329667
我叫孙火旺,https://goodiptv.club/douyu/9770949
我叫萌迪迪V,https://goodiptv.club/douyu/5354705
我是YOLO啊,https://goodiptv.club/douyu/5077166
我是一只粽子啊啊,https://goodiptv.club/douyu/8867276
我是一只西瓜啊,https://goodiptv.club/douyu/9065082
我是怪异君V,https://goodiptv.club/douyu/10279570
我是瓜皮儿本人a,https://goodiptv.club/douyu/9665696
我是阿树酱,https://goodiptv.club/douyu/9486020
戒喵中心,https://goodiptv.club/douyu/8658212
戴萌兔,https://goodiptv.club/douyu/9522315
户外老曹,https://goodiptv.club/douyu/9957389
扒圈圈V,https://goodiptv.club/douyu/9649913
打工战士SWEET,https://goodiptv.club/douyu/8795660
托尔兹桃花剑,https://goodiptv.club/douyu/8896743
拳击大王,https://goodiptv.club/douyu/9385340
挖沟连彭沟长,https://goodiptv.club/douyu/8413092
掌上Club,https://goodiptv.club/douyu/1770806
探奇录,https://goodiptv.club/douyu/9746763
探秘者大正,https://goodiptv.club/douyu/9330485
搞笑动漫大本营,https://goodiptv.club/douyu/9650181
搞笑天堂岛,https://goodiptv.club/douyu/6916081
搞笑孟文明,https://goodiptv.club/douyu/9766337
搞笑院长,https://goodiptv.club/douyu/8829915
政宗君de情敌,https://goodiptv.club/douyu/9624330
敢来碰我,https://goodiptv.club/douyu/10308225
敬汉卿250,https://goodiptv.club/douyu/2912165
数据库saber,https://goodiptv.club/douyu/9720506
文侠灬杨杨,https://goodiptv.club/douyu/10317257
Ando TV,http://play.kankanlive.com/live/1711956137852982.m3u8
文曰小强,https://goodiptv.club/douyu/2680501
Anshun Comprehensive News Channel,https://hplayer1.juyun.tv/camera/154379194.m3u8
文西与阿漆,https://goodiptv.club/douyu/8737695
Beijing Traffic Radio TV [Geo-blocked],http://123.56.24.28:1935/live/fm1039/96K/tzwj_video.m3u8
斗鱼恐怖游戏合集,https://goodiptv.club/douyu/10401481
Beijing Youth Radio [Geo-blocked],http://audiolive.rbc.cn:1935/live/am927/96K/tzwj_video.m3u8
方攵日央木几,https://goodiptv.club/douyu/9942574
Bingtuan Satellite TV,http://49.113.179.174:4022/udp/238.125.4.13:5140
无才先生,https://goodiptv.club/douyu/8317571
Bread TV面包台 (720p),https://video.bread-tv.com:8091/hls-live24/online/index.m3u8
旧梦随人心,https://goodiptv.club/douyu/692533
BRTV Kaku Childrens Channel,http://49.113.179.174:4022/udp/238.125.2.216:5140
旺仔大哥哥阿,https://goodiptv.club/douyu/9629361
CCTV4欧洲,http://hlszymgsplive.miguvideo.com:8080/migu/kailu/20200324/cctv4ouhd/50/index.m3u8?msisdn=20260303180555753555d72fc44d968447171cfbe28435&mdspid=&spid=699004&netType=0&sid=2200179315&pid=2028597139&timestamp=20260303180555&Channel_ID=0116_2600034600-99000-201600010010028&ProgramID=608807419&ParentNodeID=-99&assertID=2200179315&client_ip=39.98.168.103&SecurityKey=20260303180555&promotionId=&mvid=2200179315&mcid=500020&playurlVersion=WX-A1-9.2.2-RELEASE&userid=&jmhm=&videocodec=h264&appCode=miguvideo_android&bean=mgspad&tid=android&conFee=0&encrypt=57f5b62f103504684e8572a0061d7d18&sv=10004&ct=android
BRTV Kaku Childrens Channel,http://223.111.191.105/downflv.brtvcloud.com/kkkkasd/winfr.m3u8
昆仑决KLF,https://goodiptv.club/douyu/1753007
CCTV4美洲,http://hlszymgsplive.miguvideo.com:8080/migu/kailu/20200324/cctv4meihd/50/index.m3u8?msisdn=202603031805558737217add454b2cafa49e9d4bde1612&mdspid=&spid=699004&netType=0&sid=2200179344&pid=2028597139&timestamp=20260303180555&Channel_ID=0116_2600034600-99000-201600010010028&ProgramID=608807416&ParentNodeID=-99&assertID=2200179344&client_ip=47.92.222.71&SecurityKey=20260303180555&promotionId=&mvid=2200179344&mcid=500020&playurlVersion=WX-A1-9.2.2-RELEASE&userid=&jmhm=&videocodec=h264&appCode=miguvideo_android&bean=mgspad&tid=android&conFee=0&encrypt=ae4a180248432a0e69806299014c25f8&sv=10004&ct=android
BRTV Science & Education Channel,http://49.113.179.174:4022/udp/238.125.3.121:5140
昆特牌之大哥食正野,https://goodiptv.club/douyu/7919720
CCTV7国防军事,http://hlszymgsplive.miguvideo.com:8080/migu/kailu/20200324/cctv7hd/50/index.m3u8?msisdn=202603031805532420a3e036cc40139e0bef0126a8abe5&mdspid=&spid=699004&netType=0&sid=5501083622&pid=2028597139&timestamp=20260303180553&Channel_ID=0116_2600034600-99000-201600010010028&ProgramID=673168121&ParentNodeID=-99&assertID=5501083622&client_ip=39.98.168.103&SecurityKey=20260303180553&promotionId=&mvid=5102910278&mcid=500020&playurlVersion=WX-A1-9.2.2-RELEASE&userid=&jmhm=&videocodec=h264&appCode=miguvideo_android&bean=mgspad&tid=android&conFee=0&encrypt=a923272c53cf560abddd5d47676a5fdc&sv=10004&ct=android
BRTV 北京卫视 [Not 24/7],http://ivi.bupt.edu.cn/hls/btv1.m3u8
星空茶茶,https://goodiptv.club/douyu/8635497
CGTN外语纪录,http://hlszymgsplive.miguvideo.com:8080/envivo_v/2018/SD/cctv/doc/1000/index.m3u8?msisdn=202603031805550808d802194e43278a05a6dbcc57b0b6&mdspid=&spid=699004&netType=0&sid=2200179356&pid=2028597139&timestamp=20260303180555&Channel_ID=0116_2600034600-99000-201600010010028&ProgramID=609006487&ParentNodeID=-99&assertID=2200179356&client_ip=39.98.85.105&SecurityKey=20260303180555&promotionId=&mvid=2200179356&mcid=500020&playurlVersion=WX-A1-9.2.2-RELEASE&userid=&jmhm=&videocodec=h264&appCode=miguvideo_android&bean=mgspad&tid=android&conFee=0&encrypt=78d57d23f93b490d67a78c7f50bec2e0&sv=10004&ct=android
BRTV 北京卫视,http://118.81.195.79:9003/hls/20/index.m3u8
是不是Pro,https://goodiptv.club/douyu/9475113
CGTN阿拉伯语,http://hlszymgsplive.miguvideo.com:8080/envivo_v/SD/cctv/alabo/1000/index.m3u8?msisdn=202603031805568753811fa72a4ecb94dc7fd2055bcf18&mdspid=&spid=699004&netType=0&sid=2200179303&pid=2028597139&timestamp=20260303180556&Channel_ID=0116_2600034600-99000-201600010010028&ProgramID=609154345&ParentNodeID=-99&assertID=2200179303&client_ip=47.92.222.227&SecurityKey=20260303180556&promotionId=&mvid=2200179303&mcid=500020&playurlVersion=WX-A1-9.2.2-RELEASE&userid=&jmhm=&videocodec=h264&appCode=miguvideo_android&bean=mgspad&tid=android&conFee=0&encrypt=27e30f2c58b73744f9427471ede04340&sv=10004&ct=android
CETV1 (576p),http://117.161.133.51:81/gitv_live/G_CETV-1/G_CETV-1.m3u8?p=GITV
是个小可爱iiii,https://goodiptv.club/douyu/9650782
CGTN西班牙语,http://hlszymgsplive.miguvideo.com:8080/envivo_v/2018/SD/cctv/xibanya/1000/index.m3u8?msisdn=20260303180556d9efd08333324a04a6d3fd1655410f55&mdspid=&spid=699004&netType=0&sid=2200179337&pid=2028597139&timestamp=20260303180556&Channel_ID=0116_2600034600-99000-201600010010028&ProgramID=609006450&ParentNodeID=-99&assertID=2200179337&client_ip=47.92.222.227&SecurityKey=20260303180556&promotionId=&mvid=2200179337&mcid=500020&playurlVersion=WX-A1-9.2.2-RELEASE&userid=&jmhm=&videocodec=h264&appCode=miguvideo_android&bean=mgspad&tid=android&conFee=0&encrypt=3457545dbb35e3a698a7c19fe64e9f46&sv=10004&ct=android
CETV2 (576p),http://117.161.133.51:81/gitv_live/G_CETV-2/G_CETV-2.m3u8?p=GITV
是你的迷弟吖,https://goodiptv.club/douyu/7039598
央视精品,http://221.7.49.226:50085/tsfile/live/0017_11.m3u8?key=txiptv&playlive=1&authid=0
CGTN法语,http://hlszymgsplive.miguvideo.com:8080/envivo_v/2018/SD/cctv/fayu/1000/index.m3u8?msisdn=202603031805565ea3da72393449d290f3d16adc429d0e&mdspid=&spid=699004&netType=0&sid=2200179324&pid=2028597139&timestamp=20260303180556&Channel_ID=0116_2600034600-99000-201600010010028&ProgramID=609006476&ParentNodeID=-99&assertID=2200179324&client_ip=39.98.66.29&SecurityKey=20260303180556&promotionId=&mvid=2200179324&mcid=500020&playurlVersion=WX-A1-9.2.2-RELEASE&userid=&jmhm=&videocodec=h264&appCode=miguvideo_android&bean=mgspad&tid=android&conFee=0&encrypt=ef86dc2d48be446427e45e6f7e4a794b&sv=10004&ct=android
CETV-1,http://121.19.134.246:808/hls/62/index.m3u8
是小x同学呀,https://goodiptv.club/douyu/9415020
湖南卫视4K,http://101.35.240.114:88/live.php?id=湖南卫视4K
CCTV高尔夫,http://124.93.18.239:9003/hls/19/index.m3u8
CGTN俄语,http://hlszymgsplive.miguvideo.com:8080/envivo_v/2018/SD/cctv/eyu/1000/index.m3u8?msisdn=202603031805561efe7dcbdeda49c394b84da7ac9e6c7a&mdspid=&spid=699004&netType=0&sid=2200179332&pid=2028597139&timestamp=20260303180556&Channel_ID=0116_2600034600-99000-201600010010028&ProgramID=609006446&ParentNodeID=-99&assertID=2200179332&client_ip=39.98.168.103&SecurityKey=20260303180556&promotionId=&mvid=2200179332&mcid=500020&playurlVersion=WX-A1-9.2.2-RELEASE&userid=&jmhm=&videocodec=h264&appCode=miguvideo_android&bean=mgspad&tid=android&conFee=0&encrypt=c532c778af508ae3bab180b4ebbb45f0&sv=10004&ct=android
CETV-4,http://49.113.179.174:4022/udp/238.125.3.92:5140
是忆昔啊,https://goodiptv.club/douyu/9455518
浙江卫视4K,http://101.35.240.114:88/live.php?id=浙江卫视4K
CCTV美洲,http://124.93.18.239:9003/hls/22/index.m3u8
老故事,http://hlszymgsplive.miguvideo.com:8080/migu/kailu/cctvlaogushi/50/20231109/index.m3u8?msisdn=202603031805569600ee913ba84d4499aca9a815cb0ce0&mdspid=&spid=699004&netType=0&sid=5910022002&pid=2028597139&timestamp=20260303180556&Channel_ID=0116_2600034600-99000-201600010010028&ProgramID=884121956&ParentNodeID=-99&assertID=5910022002&client_ip=47.92.222.71&SecurityKey=20260303180556&promotionId=&mvid=5900006372&mcid=500020&playurlVersion=WX-A1-9.2.2-RELEASE&userid=&jmhm=&videocodec=h264&appCode=miguvideo_android&bean=mgspad&tid=android&conFee=0&encrypt=c120b2d0bac0ea635d3c77b2e49a3bc8&sv=10004&ct=android
CGTN (1080p),https://amg00405-rakutentv-cgtn-rakuten-i9tar.amagi.tv/master.m3u8
是真的林虎LinHu,https://goodiptv.club/douyu/9540113
江苏卫视4K,http://8.138.7.223/tv/jsws4k.php
BTV北京卫视,http://114.241.107.197:85/tsfile/live/16/1016_1.m3u8?key=txiptv
发现之旅,http://hlszymgsplive.miguvideo.com:8080/wd_r3/cnr/faxianzhilv/1000/index.m3u8?msisdn=202603031805574387589b209b4f3a82685912315c8b46&mdspid=&spid=699004&netType=0&sid=5500212893&pid=2028597139&timestamp=20260303180557&Channel_ID=0116_2600034600-99000-201600010010028&ProgramID=624878970&ParentNodeID=-99&assertID=5500212893&client_ip=39.98.66.29&SecurityKey=20260303180557&promotionId=&mvid=5100001701&mcid=500020&playurlVersion=WX-A1-9.2.2-RELEASE&userid=&jmhm=&videocodec=h264&appCode=miguvideo_android&bean=mgspad&tid=android&conFee=0&encrypt=9b637913d82d90c48c65d61de652ed5a&sv=10004&ct=android
CGTN (1080p),https://english-livebkali.cgtn.com/live/encgtn.m3u8
是纯洁上校,https://goodiptv.club/douyu/9666042
广东卫视4K,http://101.35.240.114:88/live.php?id=广东卫视4K
BTV北京卫视,http://114.241.111.4:85/tsfile/live/16/1016_1.m3u8?key=txiptv
中学生,http://hlszymgsplive.miguvideo.com:8080/migu/kailu/20210415/cctvzhongxuesheng/50/index.m3u8?msisdn=20260303180557b0f257d3162a465d84c57c8c0e3d4d7f&mdspid=&spid=699004&netType=0&sid=5910019355&pid=2028597139&timestamp=20260303180557&Channel_ID=0116_2600034600-99000-201600010010028&ProgramID=708869532&ParentNodeID=-99&assertID=5910019355&client_ip=39.98.66.29&SecurityKey=20260303180557&promotionId=&mvid=5900002149&mcid=500020&playurlVersion=WX-A1-9.2.2-RELEASE&userid=&jmhm=&videocodec=h264&appCode=miguvideo_android&bean=mgspad&tid=android&conFee=0&encrypt=2e90a9c2ee86dfd83a1e9b65d0b97792&sv=10004&ct=android
CGTN Documentary (1080p),https://amg00405-rakutentv-cgtndocumentary-rakuten-0ql8j.amagi.tv/master.m3u8
晓晓666666,https://goodiptv.club/douyu/426517
山东卫视4K,http://101.35.240.114:88/live.php?id=山东卫视4K
上海卫视,http://113.241.133.223:85/tsfile/live/1020_1.m3u8?key=txiptv&playlive=1&authid=0
CGTN,http://hlszymgsplive.miguvideo.com:8080/envivo_x/2018/SD/cctvnews/1000/index.m3u8?msisdn=20260303180557caa212fd6e984711aa9327b2ce40660f&mdspid=&spid=699004&netType=0&sid=2202196407&pid=2028597139&timestamp=20260303180557&Channel_ID=0116_2600034600-99000-201600010010028&ProgramID=609017205&ParentNodeID=-99&assertID=2202196407&client_ip=47.92.222.71&SecurityKey=20260303180557&promotionId=&mvid=2202196407&mcid=500020&playurlVersion=WX-A1-9.2.2-RELEASE&userid=&jmhm=&videocodec=h264&appCode=miguvideo_android&bean=mgspad&tid=android&conFee=0&encrypt=0edab2483258554684630c307e762338&sv=10004&ct=android
Channel Law,http://49.113.179.174:4022/udp/238.125.2.201:5140
智仗心,https://goodiptv.club/douyu/5635000
苏州4K,https://live-auth.51kandianshi.com/szgd/csztv4k_hd.m3u8
上海卫视,http://60.187.247.209:9901/tsfile/live/0107_1.m3u8?key=txiptv&playlive=1&authid=0
中国农林卫视,http://hlszymgsplive.miguvideo.com:8080/migu/kailu/zgnlws/50/20250804/index.m3u8?msisdn=20260303180602a4882208b50d48e7811c90fd3a502835&mdspid=&spid=600572&netType=0&sid=5910022186&pid=2028597139&timestamp=20260303180602&Channel_ID=0116_2600034600-99000-201600010010028&ProgramID=956904896&ParentNodeID=-99&assertID=5910022186&client_ip=39.98.168.103&SecurityKey=20260303180602&promotionId=&mvid=5900006709&mcid=500020&playurlVersion=WX-A1-9.2.2-RELEASE&userid=&jmhm=&videocodec=h264&appCode=miguvideo_android&bean=mgspad&tid=android&conFee=0&encrypt=6ea009c57ff5158159ae895e389caf00&sv=10004&ct=android
Chifeng Comprehensive News Chanel,http://play1-qk.nmtv.cn/live/1735546697341033.m3u8
暴走兄弟v,https://goodiptv.club/douyu/9350960
河北4K,https://event.pull.hebtv.com:443/live/live101.m3u8
上海卫视,http://60.187.247.209:85/tsfile/live/0107_1.m3u8?key=txiptv&playlive=1&authid=0
兵团卫视,http://hlszymgsplive.miguvideo.com:8080/migu/kailu/btws/50/20250804/index.m3u8?msisdn=202603031806033e52315ba0504f67b79611f4c5b7e519&mdspid=&spid=600697&netType=0&sid=5910022192&pid=2028597139&timestamp=20260303180603&Channel_ID=0116_2600034600-99000-201600010010028&ProgramID=956923145&ParentNodeID=-99&assertID=5910022192&client_ip=47.92.222.71&SecurityKey=20260303180603&promotionId=&mvid=5900006716&mcid=500020&playurlVersion=WX-A1-9.2.2-RELEASE&userid=&jmhm=&videocodec=h264&appCode=miguvideo_android&bean=mgspad&tid=android&conFee=0&encrypt=89e3b8b8868266a018cc14f75010e420&sv=10004&ct=android
City Theater Channel,http://49.113.179.174:4022/udp/238.125.1.60:5140
暴走漫画,https://goodiptv.club/douyu/1275878
南国都市4K,https://tencentplay.gztv.com/live/nanguodushi.m3u8?txSecret=550af55c0ea34ce492748481415b6dfa&txTime=1903e7b17de
上海卫视,http://171.43.65.107:85/tsfile/live/0107_1.m3u8?key=txiptv&playlive=1&authid=0
赛事最经典,http://hlszymgsplive.miguvideo.com:8080/wd_r3/cctv/saishijingdian/600/index.m3u8?msisdn=2026030318061892b5431545f64f19ba3f754229360653&mdspid=&spid=699004&netType=0&sid=5500592947&pid=2028597139&timestamp=20260303180618&Channel_ID=0116_2600034600-99000-201600010010028&ProgramID=646596895&ParentNodeID=-99&assertID=5500592947&client_ip=39.98.66.29&SecurityKey=20260303180618&promotionId=&mvid=5101034296&mcid=500020&playurlVersion=WX-A1-9.2.2-RELEASE&userid=&jmhm=&videocodec=h264&appCode=miguvideo_android&bean=mgspad&tid=android&conFee=0&encrypt=676bb5f3448ce2f70618886677a1fabe&sv=10004&ct=android
Documentary Humanities Channel,http://49.113.179.174:4022/udp/238.125.3.135:5140
暴躁少女零九,https://goodiptv.club/douyu/9065302
CCTV4K真4K,http://vip1.xinketongxun.fun:8082/tsfile/live/1026_1.m3u8
上海卫视,http://119.49.187.223:85/tsfile/live/0107_1.m3u8?key=txiptv&playlive=0&authid=0
体坛名栏汇,http://hlszymgsplive.miguvideo.com:8080/wd_r3/cctv/titanminglan/600/index.m3u8?msisdn=202603031806186e4a73d3cc2845ce884c2bfb2cbe79c1&mdspid=&spid=699004&netType=0&sid=5500315687&pid=2028597139&timestamp=20260303180618&Channel_ID=0116_2600034600-99000-201600010010028&ProgramID=629943305&ParentNodeID=-99&assertID=5500315687&client_ip=47.92.222.227&SecurityKey=20260303180618&promotionId=&mvid=5101034219&mcid=500020&playurlVersion=WX-A1-9.2.2-RELEASE&userid=&jmhm=&videocodec=h264&appCode=miguvideo_android&bean=mgspad&tid=android&conFee=0&encrypt=d713913ac0cc1e0ec3bdd3406e247588&sv=10004&ct=android
Ecology & Environment TV,http://49.113.179.174:4022/udp/238.125.2.175:5140
曹小灵比比叨,https://goodiptv.club/douyu/10289400
CCTV-卫生健康,http://nas.hssvm.com:8888/udp/225.1.1.210:5002
上海卫视,http://119.49.180.252:85/tsfile/live/0107_1.m3u8?key=txiptv&playlive=0&authid=0
四海钓鱼,http://hlszymgsplive.miguvideo.com:8080/wd_r4/peoplecn/shdiaoyu/600/index.m3u8?msisdn=20260303180618cfc1038c918a4c2b9a3d536b3c4504c7&mdspid=&spid=600697&netType=0&sid=5910022184&pid=2028597139&timestamp=20260303180618&Channel_ID=0116_2600034600-99000-201600010010028&ProgramID=637444975&ParentNodeID=-99&assertID=5910022184&client_ip=47.92.222.227&SecurityKey=20260303180618&promotionId=&mvid=5100132656&mcid=500020&playurlVersion=WX-A1-9.2.2-RELEASE&userid=&jmhm=&videocodec=h264&appCode=miguvideo_android&bean=mgspad&tid=android&conFee=0&encrypt=3eb60f2a071d57c9147e5ea585ff5cfd&sv=10004&ct=android
Foshan News TV,http://dslive.grtn.cn/fszh/sd/live.m3u8
月影Yueing212,https://goodiptv.club/douyu/8885525
CCTV-电视指南,http://www.lizhinas.top:1009/rtp/239.252.219.97:5140
上海卫视,http://60.187.246.177:9901/tsfile/live/0107_1.m3u8?key=txiptv&playlive=1&authid=0
武术世界,http://hlszymgsplive.miguvideo.com:8080/migu/kailu/wssj/50/20250915/index.m3u8?msisdn=2026030318061739e0ee2449ec4dc287465dd398caab9b&mdspid=&spid=600697&netType=0&sid=5910022201&pid=2028597139&timestamp=20260303180617&Channel_ID=0116_2600034600-99000-201600010010028&ProgramID=958475359&ParentNodeID=-99&assertID=5910022201&client_ip=39.98.85.105&SecurityKey=20260303180617&promotionId=&mvid=5900006724&mcid=500020&playurlVersion=WX-A1-9.2.2-RELEASE&userid=&jmhm=&videocodec=h264&appCode=miguvideo_android&bean=mgspad&tid=android&conFee=0&encrypt=67cd1228b7f7cef18332deee924cd1f1&sv=10004&ct=android
Game Channel,http://49.113.179.174:4022/udp/238.125.1.36:5140
有一辆立标奔驰,https://goodiptv.club/douyu/12442176
直播中国,https://gcalic.v.myalicdn.com/gc/wgw05_1/index.m3u8?contentid=2820180516001
兵团卫视,http://49.234.31.101:7316/tsfile/live/1096_1.m3u8?key=txiptv&playlive=1&authid=0
南京十八频道,http://hlszymgsplive.miguvideo.com:8080/migu/kailu/nanjingsb/50/20230719/index.m3u8?msisdn=202603031806077542a4ba9d374b8f88a5c918b0df88aa&mdspid=&spid=699067&netType=0&sid=5910021864&pid=2028597139&timestamp=20260303180607&Channel_ID=0116_2600034600-99000-201600010010028&ProgramID=838151753&ParentNodeID=-99&assertID=5910021864&client_ip=39.98.66.29&SecurityKey=20260303180607&promotionId=&mvid=5900006207&mcid=500020&playurlVersion=WX-A1-9.2.2-RELEASE&userid=&jmhm=&videocodec=h264&appCode=miguvideo_android&bean=mgspad&tid=android&conFee=0&encrypt=1680f2421787cad246b59a82f9c545d8&sv=10004&ct=android
Golden Eagle Cartoon,http://1.24.190.98:10080/hls/51/index.m3u8
朔涵君,https://goodiptv.club/douyu/9354201
熊猫直播,https://gcwbndali.v.myalicdn.com/gcwbnd/ipanda1000_2/index.m3u8
兵团卫视,http://111.8.242.124:9999/tsfile/live/1020_1.m3u8?key=txiptv&playlive=1&authid=0
体育休闲频道,http://hlszymgsplive.miguvideo.com:8080/wd_r2/jstv/jstiyu/600/index.m3u8?msisdn=202603031806086799a8a9bcf0446cbc7881759cf71fce&mdspid=&spid=699067&netType=0&sid=5500260554&pid=2028597139&timestamp=20260303180608&Channel_ID=0116_2600034600-99000-201600010010028&ProgramID=626064707&ParentNodeID=-99&assertID=5500260554&client_ip=39.98.85.105&SecurityKey=20260303180608&promotionId=&mvid=5100186459&mcid=500020&playurlVersion=WX-A1-9.2.2-RELEASE&userid=&jmhm=&videocodec=h264&appCode=miguvideo_android&bean=mgspad&tid=android&conFee=0&encrypt=d3a1ce26986393b1fa59652e0422bab1&sv=10004&ct=android
Guangzhou TV,https://tencentplaybusiness.gztv.com/live/zonghes.m3u8
木JJ,https://goodiptv.club/douyu/9575463
CETV-1 综合教育,http://www.lizhinas.top:1009/rtp/239.252.220.198:5140
兵团卫视,http://111.8.242.103:9999/tsfile/live/1020_1.m3u8?key=txiptv&playlive=1&authid=0
公共新闻频道,http://hlszymgsplive.miguvideo.com:8080/wd_r2/jstv/jsgonggong/600/index.m3u8?msisdn=2026030318060931d19ea267a64805a3a6c20596c02a2b&mdspid=&spid=699067&netType=0&sid=5500260520&pid=2028597139&timestamp=20260303180609&Channel_ID=0116_2600034600-99000-201600010010028&ProgramID=626064693&ParentNodeID=-99&assertID=5500260520&client_ip=47.92.222.227&SecurityKey=20260303180609&promotionId=&mvid=5100186429&mcid=500020&playurlVersion=WX-A1-9.2.2-RELEASE&userid=&jmhm=&videocodec=h264&appCode=miguvideo_android&bean=mgspad&tid=android&conFee=0&encrypt=c056a2ec2b90eed9d0e5f129531afd88&sv=10004&ct=android
Harbin Comprehensive News Channel,https://stream.hrbtv.net/xwzh/playlist.m3u8?_upt=ef41dd531755913594
本主儿,https://goodiptv.club/douyu/9565677
CETV-2 空中课堂,http://www.lizhinas.top:1009/rtp/239.252.219.73:5140
兵团卫视,http://111.8.242.102:9999/tsfile/live/1020_1.m3u8?key=txiptv&playlive=1&authid=0
盐城新闻综合,http://hlszymgsplive.miguvideo.com:8080/migu/kailu/ycxwzh/50/20250604/index.m3u8?msisdn=2026030318060982627189dc0941299c4bd369eb35ddf4&mdspid=&spid=699067&netType=0&sid=5500469360&pid=2028597139&timestamp=20260303180609&Channel_ID=0116_2600034600-99000-201600010010028&ProgramID=639731825&ParentNodeID=-99&assertID=5500469360&client_ip=39.98.85.105&SecurityKey=20260303180609&promotionId=&mvid=5102012617&mcid=500020&playurlVersion=WX-A1-9.2.2-RELEASE&userid=&jmhm=&videocodec=h264&appCode=miguvideo_android&bean=mgspad&tid=android&conFee=0&encrypt=f7680f17eb9d8581d5862c7ff03f244d&sv=10004&ct=android
Harbin Movie Channel,https://stream.hrbtv.net/yspd/playlist.m3u8
朱一旦的枯燥生活v,https://goodiptv.club/douyu/7907979
CETV-3 教育服务,http://rrs01.hw.gmcc.net:8088/PLTV/81/224/3221226722/1.m3u8
兵团卫视,http://183.62.8.58:50085/tsfile/live/0115_1.m3u8?key=txiptv&playlive=1&authid=0
泰州新闻综合,http://hlszymgsplive.miguvideo.com:8080/wd_r2/jstv/tzxinwenzonghe/600/index.m3u8?msisdn=202603031806111d98b016aa9f41b284db0cf754272701&mdspid=&spid=699067&netType=0&sid=5500469354&pid=2028597139&timestamp=20260303180611&Channel_ID=0116_2600034600-99000-201600010010028&ProgramID=639731818&ParentNodeID=-99&assertID=5500469354&client_ip=47.92.222.227&SecurityKey=20260303180611&promotionId=&mvid=5102012615&mcid=500020&playurlVersion=WX-A1-9.2.2-RELEASE&userid=&jmhm=&videocodec=h264&appCode=miguvideo_android&bean=mgspad&tid=android&conFee=0&encrypt=e86f6d17c5d8a2c6fa9c2be0f7d779b1&sv=10004&ct=android
Hunan Ping Yu,http://49.113.179.174:4022/udp/238.125.5.102:5140
李会长街溜子,https://goodiptv.club/douyu/9741805
CETV-4 职业教育,http://rrs01.hw.gmcc.net:8088/PLTV/81/224/3221226724/1.m3u8
兵团卫视,http://124.93.18.239:9003/hls/58/index.m3u8
宿迁新闻综合,http://hlszymgsplive.miguvideo.com:8080/wd_r2/jstv/sqxinwenzonghe/600/index.m3u8?msisdn=202603031806109e83778277904d0cb93fb3feff522904&mdspid=&spid=699067&netType=0&sid=5500469357&pid=2028597139&timestamp=20260303180610&Channel_ID=0116_2600034600-99000-201600010010028&ProgramID=639731832&ParentNodeID=-99&assertID=5500469357&client_ip=39.98.168.103&SecurityKey=20260303180610&promotionId=&mvid=5102012616&mcid=500020&playurlVersion=WX-A1-9.2.2-RELEASE&userid=&jmhm=&videocodec=h264&appCode=miguvideo_android&bean=mgspad&tid=android&conFee=0&encrypt=949e73ec45ff4524a0b13f739cdf89d5&sv=10004&ct=android
Hunan TV (2160p),http://hlsal-ldvt.qing.mgtv.com/nn_live/nn_x64/dWlwPTEyNy4wLjAuMSZ1aWQ9cWluZy1jbXMmbm5fdGltZXpvbmU9OCZjZG5leF9pZD1hbF9obHNfbGR2dCZ1dWlkPTliODY4NmU5ZTM2YzYwMmMmZT02OTE0NjA0JnY9MSZpZD1ITldTWkdTVCZzPTcwN2RiYTc2YzJjNmJmMTQ4MmUyZGYzOWU2NWM3YWFi/HNWSZGST.m3u8
李李李蚊香,https://goodiptv.club/douyu/4786399
CGTN英语,http://english-livetx.cgtn.com/hls/yypdyyctzb_hd.m3u8
内蒙卫视,http://183.184.48.176:9003/hls/38/index.m3u8
徐州新闻综合,http://hlszymgsplive.miguvideo.com:8080/wd_r2/jstv/xzxinwenzonghe/600/index.m3u8?msisdn=202603031806115f259a57a69d4996a7bc056af1e233e5&mdspid=&spid=699067&netType=0&sid=5500469368&pid=2028597139&timestamp=20260303180611&Channel_ID=0116_2600034600-99000-201600010010028&ProgramID=639731747&ParentNodeID=-99&assertID=5500469368&client_ip=47.92.222.227&SecurityKey=20260303180611&promotionId=&mvid=5102012620&mcid=500020&playurlVersion=WX-A1-9.2.2-RELEASE&userid=&jmhm=&videocodec=h264&appCode=miguvideo_android&bean=mgspad&tid=android&conFee=0&encrypt=17edb14ef62d66c47e300a58b6f51305&sv=10004&ct=android
JiaJia Cartoon,http://49.113.179.174:4022/udp/238.125.0.158:5140
村野趣事荟,https://goodiptv.club/douyu/5794474
CGTN记录,https://english-livetx.cgtn.com/hls/yypdjlctzb_hd.m3u8
内蒙卫视,http://183.185.151.236:9003/hls/38/index.m3u8
江阴新闻综合,http://hlszymgsplive.miguvideo.com:8080/migu/kailu/jyxwzh/50/20250604/index.m3u8?msisdn=202603031806104cc4f98d454d494a9839768cc399edd3&mdspid=&spid=699067&netType=0&sid=5910022177&pid=2028597139&timestamp=20260303180610&Channel_ID=0116_2600034600-99000-201600010010028&ProgramID=955227979&ParentNodeID=-99&assertID=5910022177&client_ip=47.92.222.71&SecurityKey=20260303180610&promotionId=&mvid=5900006705&mcid=500020&playurlVersion=WX-A1-9.2.2-RELEASE&userid=&jmhm=&videocodec=h264&appCode=miguvideo_android&bean=mgspad&tid=android&conFee=0&encrypt=0ec756b02120accb347911e715847882&sv=10004&ct=android
Jiangxi Children's Channel,https://play-live-hls.jxtvcn.com.cn/live-city/tv_jxtv6.m3u8
来呀官人V,https://goodiptv.club/douyu/9986305
CGTN俄语,http://russian-livews.cgtn.com/hls/LSvexABhNipibK5KRuUkvHZ7220802LSTeze9o8tdFXMHsb1VosgoT220802cd.m3u8
内蒙卫视,http://183.191.51.41:9003/hls/38/index.m3u8
宜兴新闻综合,http://hlszymgsplive.miguvideo.com:8080/migu/kailu/yxxwzh/50/20250604/index.m3u8?msisdn=20260303180611ae481c3abeb04655bd55a619439a6de6&mdspid=&spid=699067&netType=0&sid=5910022179&pid=2028597139&timestamp=20260303180611&Channel_ID=0116_2600034600-99000-201600010010028&ProgramID=955227996&ParentNodeID=-99&assertID=5910022179&client_ip=39.98.168.103&SecurityKey=20260303180611&promotionId=&mvid=5900006707&mcid=500020&playurlVersion=WX-A1-9.2.2-RELEASE&userid=&jmhm=&videocodec=h264&appCode=miguvideo_android&bean=mgspad&tid=android&conFee=0&encrypt=ef7f6b13a0ac65b72172b365f30a330c&sv=10004&ct=android
Jiangxi City Channel,https://play-live-hls.jxtvcn.com.cn/live-city/tv_jxtv2.m3u8
杰克大魔王V,https://goodiptv.club/douyu/9729740
CGTN法语,http://espanol-liveali.cgtn.com/hls/LSveOGBaBw41Ea7ukkVAUdKQ220802LSTexu6xAuFH8VZNBLE1ZNEa220802cd.m3u8
内蒙卫视,http://183.191.125.99:9003/hls/38/index.m3u8
陕西银龄频道,http://hlszymgsplive.miguvideo.com:8080/migu/kailu/sxylpd/50/20250804/index.m3u8?msisdn=2026030318061299ed2fa4d22d49a9a13dc83e1226a73f&mdspid=&spid=600572&netType=0&sid=5910022191&pid=2028597139&timestamp=20260303180612&Channel_ID=0116_2600034600-99000-201600010010028&ProgramID=956909362&ParentNodeID=-99&assertID=5910022191&client_ip=39.98.66.29&SecurityKey=20260303180612&promotionId=&mvid=5900006714&mcid=500020&playurlVersion=WX-A1-9.2.2-RELEASE&userid=&jmhm=&videocodec=h264&appCode=miguvideo_android&bean=mgspad&tid=android&conFee=0&encrypt=33a53633b6527f28dce785fe698fc11f&sv=10004&ct=android
Jiangxi Economy & Life Channel,https://play-live-hls.jxtvcn.com.cn/live-city/tv_jxtv3.m3u8
林家渔妹,https://goodiptv.club/douyu/9348805
CGTN西语,http://espanol-liveali.cgtn.com/hls/LSveOGBaBw41Ea7ukkVAUdKQ220802LSTexu6xAuFH8VZNBLE1ZNEa220802cd.m3u8
内蒙卫视,http://183.191.122.138:9003/hls/38/index.m3u8
陕西都市青春频道,http://hlszymgsplive.miguvideo.com:8080/migu/kailu/sxdsqc/50/20250804/index.m3u8?msisdn=20260303180612b1457e989d3d46a084bf0ff6456dc51b&mdspid=&spid=600572&netType=0&sid=5910022190&pid=2028597139&timestamp=20260303180612&Channel_ID=0116_2600034600-99000-201600010010028&ProgramID=956909358&ParentNodeID=-99&assertID=5910022190&client_ip=39.98.168.103&SecurityKey=20260303180612&promotionId=&mvid=5900006713&mcid=500020&playurlVersion=WX-A1-9.2.2-RELEASE&userid=&jmhm=&videocodec=h264&appCode=miguvideo_android&bean=mgspad&tid=android&conFee=0&encrypt=8b0888b4899c40180fc644925a1c1e12&sv=10004&ct=android
Jiangxi Movie Channel,https://play-live-hls.jxtvcn.com.cn/live-city/tv_jxtv4.m3u8
果冻萌萌的丶,https://goodiptv.club/douyu/9607934
CGTN阿语,http://espanol-liveali.cgtn.com/hls/LSveOGBaBw41Ea7ukkVAUdKQ220802LSTexu6xAuFH8VZNBLE1ZNEa220802cd.m3u8
内蒙卫视,http://183.184.63.183:9003/hls/38/index.m3u8
陕西体育休闲频道,http://hlszymgsplive.miguvideo.com:8080/migu/kailu/sxtyxx/50/20250804/index.m3u8?msisdn=2026030318061270e594b84f694ac799ace8195bc20b6c&mdspid=&spid=600572&netType=0&sid=5910022189&pid=2028597139&timestamp=20260303180612&Channel_ID=0116_2600034600-99000-201600010010028&ProgramID=956909356&ParentNodeID=-99&assertID=5910022189&client_ip=47.92.222.71&SecurityKey=20260303180612&promotionId=&mvid=5900006712&mcid=500020&playurlVersion=WX-A1-9.2.2-RELEASE&userid=&jmhm=&videocodec=h264&appCode=miguvideo_android&bean=mgspad&tid=android&conFee=0&encrypt=811e61d7259f457b98d3ad7e61857e91&sv=10004&ct=android
Jiangxi Public & Agriculture Channel,https://play-live-hls.jxtvcn.com.cn/live-city/tv_jxtv5.m3u8
枫泽雨畔,https://goodiptv.club/douyu/5279518
CCTV4美洲,https://www.wmviv.com/iptv/bc2t.php?id=cctv4m
农林卫视,http://124.93.18.239:9003/hls/59/index.m3u8
陕西秦腔频道,http://hlszymgsplive.miguvideo.com:8080/migu/kailu/sxqqpd/50/20250804/index.m3u8?msisdn=202603031806139f1a11515bce4a5e9c67bbf2a770120a&mdspid=&spid=600572&netType=0&sid=5910022188&pid=2028597139&timestamp=20260303180613&Channel_ID=0116_2600034600-99000-201600010010028&ProgramID=956909303&ParentNodeID=-99&assertID=5910022188&client_ip=47.92.222.71&SecurityKey=20260303180613&promotionId=&mvid=5900006711&mcid=500020&playurlVersion=WX-A1-9.2.2-RELEASE&userid=&jmhm=&videocodec=h264&appCode=miguvideo_android&bean=mgspad&tid=android&conFee=0&encrypt=39b1e4812acf1caa5479309234eb6475&sv=10004&ct=android
Jilin City Channel,https://lsfb.avap.jilintv.cn/zqvk7vpj/channel/7e8474e6daea44ccaa5aa2300191439e/index.m3u8
柠檬檬檬儿vlog,https://goodiptv.club/douyu/9624845
CCTV4欧洲,https://www.wmviv.com/iptv/bc2t.php?id=cctv4o
吉林卫视高清,http://49.234.31.101:7316/tsfile/live/1070_1.m3u8?key=txiptv&playlive=1&authid=0
陕西新闻资讯频道,http://hlszymgsplive.miguvideo.com:8080/migu/kailu/sxxwzx/50/20250804/index.m3u8?msisdn=20260303180613f8610d6b30744d258fee1dbec0df493f&mdspid=&spid=600572&netType=0&sid=5910022187&pid=2028597139&timestamp=20260303180613&Channel_ID=0116_2600034600-99000-201600010010028&ProgramID=956909289&ParentNodeID=-99&assertID=5910022187&client_ip=39.98.168.103&SecurityKey=20260303180613&promotionId=&mvid=5900006710&mcid=500020&playurlVersion=WX-A1-9.2.2-RELEASE&userid=&jmhm=&videocodec=h264&appCode=miguvideo_android&bean=mgspad&tid=android&conFee=0&encrypt=fa1657ce1d918b57a69a1bdab7b30ed5&sv=10004&ct=android
Jilin Lifestyle Channel,https://lsfb.avap.jilintv.cn/zqvk7vpj/channel/0a76740c72b74fabae611845aa21e06a/index.m3u8
柳青瑶本尊,https://goodiptv.club/douyu/2281324
CCTV发现之旅,http://www.wmviv.com/iptv/bc2t.php?id=fxzl
吉林卫视高清,http://111.8.242.124:9999/tsfile/live/1032_1.m3u8?key=txiptv&playlive=1&authid=0
财富天下,http://hlszymgsplive.miguvideo.com:8080/migu/kailu/cftx/50/20250804/index.m3u8?msisdn=20260303180613fb1cafa3bf3042069ccc43bf92ee5aba&mdspid=&spid=600697&netType=0&sid=5910022193&pid=2028597139&timestamp=20260303180613&Channel_ID=0116_2600034600-99000-201600010010028&ProgramID=956923159&ParentNodeID=-99&assertID=5910022193&client_ip=47.92.222.71&SecurityKey=20260303180613&promotionId=&mvid=5900006715&mcid=500020&playurlVersion=WX-A1-9.2.2-RELEASE&userid=&jmhm=&videocodec=h264&appCode=miguvideo_android&bean=mgspad&tid=android&conFee=0&encrypt=a8faa28cd24548b252de9707cd25b38c&sv=10004&ct=android
Jilin Movie Channel,https://lsfb.avap.jilintv.cn/zqvk7vpj/channel/906341e6f19b4c4bacdc89941eb85d12/index.m3u8
树根龙门阵,https://goodiptv.club/douyu/1833459
CCTV老故事,http://www.wmviv.com/iptv/bc2t.php?id=lgs
吉林卫视高清,http://111.8.242.103:9999/tsfile/live/1032_1.m3u8?key=txiptv&playlive=1&authid=0
辽宁广播电视台公共频道,http://hlszymgsplive.miguvideo.com:8080/migu/kailu/lngg/50/20251225/index.m3u8?msisdn=20260303180613cf33b656faaf4486a8301cd903b8a27c&mdspid=&spid=600697&netType=0&sid=5910022323&pid=2028597139&timestamp=20260303180613&Channel_ID=0116_2600034600-99000-201600010010028&ProgramID=962045223&ParentNodeID=-99&assertID=5910022323&client_ip=39.98.168.103&SecurityKey=20260303180613&promotionId=&mvid=5900006791&mcid=500020&playurlVersion=WX-A1-9.2.2-RELEASE&userid=&jmhm=&videocodec=h264&appCode=miguvideo_android&bean=mgspad&tid=android&conFee=0&encrypt=c4b6791b6be27850c62ff974db1fda4d&sv=10004&ct=android
Jilin Rural Channel,https://lsfb.avap.jilintv.cn/zqvk7vpj/channel/3ffc4824dce54b92be185555923ce382/index.m3u8
桀骜不驯认识,https://goodiptv.club/douyu/2041014
CCTV中学生,http://www.wmviv.com/iptv/bc2t.php?id=zxs
吉林卫视高清,http://111.8.242.102:9999/tsfile/live/1032_1.m3u8?key=txiptv&playlive=1&authid=0
辽宁广播电视台生活频道,http://hlszymgsplive.miguvideo.com:8080/migu/kailu/lnsh/50/20251225/index.m3u8?msisdn=202603031806131c4acb7d0a604bd19b6e3ee91e8466a4&mdspid=&spid=600697&netType=0&sid=5910022324&pid=2028597139&timestamp=20260303180613&Channel_ID=0116_2600034600-99000-201600010010028&ProgramID=962045226&ParentNodeID=-99&assertID=5910022324&client_ip=39.98.85.105&SecurityKey=20260303180613&promotionId=&mvid=5900006792&mcid=500020&playurlVersion=WX-A1-9.2.2-RELEASE&userid=&jmhm=&videocodec=h264&appCode=miguvideo_android&bean=mgspad&tid=android&conFee=0&encrypt=06945c2dd9f41b9a182dedcf57fb131d&sv=10004&ct=android
Laughter Theater,http://49.113.179.174:4022/udp/238.125.2.159:5140
植物椿de房间,https://goodiptv.club/douyu/9771247
CGTN,http://www.wmviv.com/iptv/bc2t.php?id=cgtn
四川卫视高清,http://49.234.31.101:7316/tsfile/live/1062_1.m3u8?key=txiptv&playlive=1&authid=0
辽宁广播电视台体育休闲频道,http://hlszymgsplive.miguvideo.com:8080/migu/kailu/lntyxx/50/20251225/index.m3u8?msisdn=2026030318061313426f1a8e3948dfae1f72dfa99dbdcf&mdspid=&spid=600697&netType=0&sid=5910022329&pid=2028597139&timestamp=20260303180613&Channel_ID=0116_2600034600-99000-201600010010028&ProgramID=962067526&ParentNodeID=-99&assertID=5910022329&client_ip=39.98.66.29&SecurityKey=20260303180613&promotionId=&mvid=5900006790&mcid=500020&playurlVersion=WX-A1-9.2.2-RELEASE&userid=&jmhm=&videocodec=h264&appCode=miguvideo_android&bean=mgspad&tid=android&conFee=0&encrypt=074a6cb987017be389e06d481f5866b0&sv=10004&ct=android
Liangshan TV [Not 24/7],http://118.122.2.29:9999/hls/47/index.m3u8
楚汉炒果条丶,https://goodiptv.club/douyu/6785471
CGTN纪录,http://www.wmviv.com/iptv/bc2t.php?id=cgtnjl
天津卫视-高清,http://114.241.107.197:85/tsfile/live/30/1030_1.m3u8?key=txiptv
辽宁广播电视台影视剧频道,http://hlszymgsplive.miguvideo.com:8080/migu/kailu/lnysj/50/20251225/index.m3u8?msisdn=202603031806147e27de02f90a4c6587f47cc396408029&mdspid=&spid=600697&netType=0&sid=5910022326&pid=2028597139&timestamp=20260303180614&Channel_ID=0116_2600034600-99000-201600010010028&ProgramID=962067517&ParentNodeID=-99&assertID=5910022326&client_ip=47.92.222.227&SecurityKey=20260303180614&promotionId=&mvid=5900006789&mcid=500020&playurlVersion=WX-A1-9.2.2-RELEASE&userid=&jmhm=&videocodec=h264&appCode=miguvideo_android&bean=mgspad&tid=android&conFee=0&encrypt=2faa79afa9d2788cd7733938fd67211b&sv=10004&ct=android
Nanchang News & Generalist Channel,https://play-live-hls.jxtvcn.com.cn/live-city/tv_nanchang.m3u8
橘癫疯Oswald,https://goodiptv.club/douyu/8793544
海峡卫视,http://www.wmviv.com/iptv/bc2t.php?id=hxws
天津卫视-高清,http://114.241.111.4:85/tsfile/live/30/1030_1.m3u8?key=txiptv
宁夏广播电视台文旅频道,http://hlszymgsplive.miguvideo.com:8080/migu/kailu/nxwl/50/20251225/index.m3u8?msisdn=202603031806149ccbc3add12846b989729c7d2ca92e83&mdspid=&spid=600697&netType=0&sid=5910022328&pid=2028597139&timestamp=20260303180614&Channel_ID=0116_2600034600-99000-201600010010028&ProgramID=962067523&ParentNodeID=-99&assertID=5910022328&client_ip=47.92.222.71&SecurityKey=20260303180614&promotionId=&mvid=5900006788&mcid=500020&playurlVersion=WX-A1-9.2.2-RELEASE&userid=&jmhm=&videocodec=h264&appCode=miguvideo_android&bean=mgspad&tid=android&conFee=0&encrypt=1baab04a80a383cc208fea902c6a7302&sv=10004&ct=android
Nei Monggol TV,http://1.24.190.98:10080/hls/39/index.m3u8
橙记Orange丶,https://goodiptv.club/douyu/4549169
四海钓鱼,http://www.wmviv.com/iptv/bc2t.php?id=shdy
天津卫视高清,http://49.234.31.101:7316/tsfile/live/1055_1.m3u8?key=txiptv&playlive=1&authid=0
宁夏广播电视台经济频道,http://hlszymgsplive.miguvideo.com:8080/migu/kailu/nxjj/50/20251225/index.m3u8?msisdn=2026030318061595ebea00ec494980bd3b7afa64f125b7&mdspid=&spid=600697&netType=0&sid=5910022327&pid=2028597139&timestamp=20260303180615&Channel_ID=0116_2600034600-99000-201600010010028&ProgramID=962067520&ParentNodeID=-99&assertID=5910022327&client_ip=47.92.222.227&SecurityKey=20260303180615&promotionId=&mvid=5900006787&mcid=500020&playurlVersion=WX-A1-9.2.2-RELEASE&userid=&jmhm=&videocodec=h264&appCode=miguvideo_android&bean=mgspad&tid=android&conFee=0&encrypt=db5de7b7e40c8ce3d03cd273328e8bd7&sv=10004&ct=android
Nei Monggol TV,http://49.113.179.174:4022/udp/238.125.7.93:5140
正宗吔汁吔树牌,https://goodiptv.club/douyu/10217953
上视纪实人文,http://www.wmviv.com/iptv/bc2t.php?id=shjsrw
安徽卫视高清,http://49.234.31.101:7316/tsfile/live/1064_1.m3u8?key=txiptv&playlive=1&authid=0
经典动画大集合,http://hlszymgsplive.miguvideo.com:8080/wd_r3/cctv/jingdiandonghua/600/index.m3u8?msisdn=2026030318062630fa00b45f744a92a11b6e1761ef52af&mdspid=&spid=699004&netType=0&sid=5500315652&pid=2028597139&timestamp=20260303180626&Channel_ID=0116_2600034600-99000-201600010010028&ProgramID=629942219&ParentNodeID=-99&assertID=5500315652&client_ip=39.98.66.29&SecurityKey=20260303180626&promotionId=&mvid=5101034205&mcid=500020&playurlVersion=WX-A1-9.2.2-RELEASE&userid=&jmhm=&videocodec=h264&appCode=miguvideo_android&bean=mgspad&tid=android&conFee=0&encrypt=c5d5bd52ddcb8e5887ecb913e95d295b&sv=10004&ct=android
Nei Monggol TV,http://110.19.156.172:9901/tsfile/live/1003_1.m3u8
正直的陈易,https://goodiptv.club/douyu/9365118
乐游,http://www.wmviv.com/iptv/bc2t.php?id=ly
安徽卫视高清,http://39.65.122.215:85/tsfile/live/1033_1.m3u8?key=txiptv&playlive=1&authid=0
经典香港电影,http://hlszymgsplive.miguvideo.com:8080/wd_r2/virtuallive/5100180869/75/index.m3u8?msisdn=20260303180622b89f93a680aa4328bd05d7aaef162e36&mdspid=&spid=800033&netType=0&sid=5500242089&pid=2028597139&timestamp=20260303180622&Channel_ID=0116_2600034600-99000-201600010010028&ProgramID=625703337&ParentNodeID=-99&assertID=5500242089&client_ip=39.98.66.29&SecurityKey=20260303180622&promotionId=&mvid=5100180869&mcid=500020&playurlVersion=WX-A1-9.2.2-RELEASE&userid=&jmhm=&videocodec=h264&appCode=miguvideo_android&bean=mgspad&tid=android&conFee=0&encrypt=96c8cecc5c2e24153514ccdc8ee6aa58&sv=10004&ct=android
Nei Monggol TV 2 Mongolian Culture Channel,http://1.24.190.98:10080/hls/40/index.m3u8
民工小代,https://goodiptv.club/douyu/9616619
苏州4K,https://tylive.kan0512.com/norecord/csztv4k_4k.m3u8
山东卫视高清,http://49.234.31.101:7316/tsfile/live/1056_1.m3u8?key=txiptv&playlive=1&authid=0
抗战经典影片,http://hlszymgsplive.miguvideo.com:8080/wd-virtuallive5100002089-75/index.m3u8?msisdn=202603031806214d8ca1c58d4e44079df4344a3a7f5a6e&mdspid=&spid=800033&netType=0&sid=5500002717&pid=2028597139&timestamp=20260303180621&Channel_ID=0116_2600034600-99000-201600010010028&ProgramID=617432318&ParentNodeID=-99&assertID=5500002717&client_ip=39.98.66.29&SecurityKey=20260303180621&promotionId=&mvid=5100002089&mcid=500020&playurlVersion=WX-A1-9.2.2-RELEASE&userid=&jmhm=&videocodec=h264&appCode=miguvideo_android&bean=mgspad&tid=android&conFee=0&encrypt=04b88f3d3dd75b10c77c2916a4388a9a&sv=10004&ct=android
QTV-1,http://video10.qtv.com.cn/drm/qtv1at/manifest.m3u8
民间高手show,https://goodiptv.club/douyu/10372765
河北4K,https://event.pull.hebtv.com:443/live/live101.m3u8
广东卫视-高清,http://114.241.107.197:85/tsfile/live/45/1045_1.m3u8?key=txiptv
和美乡途轮播台,http://hlszymgsplive.miguvideo.com:8080/migu/virtuallive2/5900002411/50/20210706/index.m3u8?msisdn=202603031806237f9fb26f827f4dc3b0d63b7a250a104a&mdspid=&spid=800033&netType=0&sid=5910019525&pid=2028597139&timestamp=20260303180623&Channel_ID=0116_2600034600-99000-201600010010028&ProgramID=713591450&ParentNodeID=-99&assertID=5910019525&client_ip=39.98.85.105&SecurityKey=20260303180623&promotionId=&mvid=5900002421&mcid=500020&playurlVersion=WX-A1-9.2.2-RELEASE&userid=&jmhm=&videocodec=h264&appCode=miguvideo_android&bean=mgspad&tid=android&conFee=0&encrypt=1284185dca31326d62c1d46e71473410&sv=10004&ct=android
QTV-2,http://video10.qtv.com.cn/drm/qtv2at/manifest.m3u8
永无叙V,https://goodiptv.club/douyu/9442980
农林卫视,http://120.76.248.139/live/bfgd/4200000122.m3u8
广东卫视-高清,http://114.241.111.4:85/tsfile/live/45/1045_1.m3u8?key=txiptv
南方影视,http://hlszymgsplive.miguvideo.com:8080/wd_r1/2018/nfmedia/nfys/1000/index.m3u8?msisdn=20260303180623b98d301f09f148a29f572ddac918e2b2&mdspid=&spid=699054&netType=0&sid=2206173738&pid=2028597139&timestamp=20260303180623&Channel_ID=0116_2600034600-99000-201600010010028&ProgramID=614961829&ParentNodeID=-99&assertID=2206173738&client_ip=39.98.66.29&SecurityKey=20260303180623&promotionId=&mvid=2206173738&mcid=500020&playurlVersion=WX-A1-9.2.2-RELEASE&userid=&jmhm=&videocodec=h264&appCode=miguvideo_android&bean=mgspad&tid=android&conFee=0&encrypt=6d7a9a6d4f824b7d54768cd4b5832b81&sv=10004&ct=android
QTV-3,http://video10.qtv.com.cn/drm/qtv3at/manifest.m3u8
永远快乐的小美女,https://goodiptv.club/douyu/6091425
兵团卫视,http://liveout.btzx.com.cn/62ds9e/yil08g.m3u8
广东卫视高清,http://49.234.31.101:7316/tsfile/live/1006_1.m3u8?key=txiptv&playlive=1&authid=0
CETV1,http://hlszymgsplive.miguvideo.com:8080/migu/kailu/cetv1/50/20240709/index.m3u8?msisdn=202603031806379caa22655c5f41e7b8cb782f7421cbc7&mdspid=&spid=699004&netType=0&sid=5910022150&pid=2028597139&timestamp=20260303180637&Channel_ID=0116_2600034600-99000-201600010010028&ProgramID=923287154&ParentNodeID=-99&assertID=5910022150&client_ip=39.98.66.29&SecurityKey=20260303180637&promotionId=&mvid=5900006636&mcid=500020&playurlVersion=WX-A1-9.2.2-RELEASE&userid=&jmhm=&videocodec=h264&appCode=miguvideo_android&bean=mgspad&tid=android&conFee=0&encrypt=350553eb657fc3e5246c7b5279f843c2&sv=10004&ct=android
QTV-4,http://video10.qtv.com.cn/drm/qtv4at/manifest.m3u8
求求扣扣困困,https://goodiptv.club/douyu/8795274
海峡卫视,http://8.138.7.223/tv/hxws.m3u8
广西卫视高清,http://49.234.31.101:7316/tsfile/live/1071_1.m3u8?key=txiptv&playlive=1&authid=0
CETV2,http://hlszymgsplive.miguvideo.com:8080/migu/kailu/cetv2/50/20240709/index.m3u8?msisdn=20260303180637125fbf3eb7094a0eb7c8f7f03ff0342f&mdspid=&spid=699004&netType=0&sid=5910022152&pid=2028597139&timestamp=20260303180637&Channel_ID=0116_2600034600-99000-201600010010028&ProgramID=923287211&ParentNodeID=-99&assertID=5910022152&client_ip=39.98.66.29&SecurityKey=20260303180637&promotionId=&mvid=5900006638&mcid=500020&playurlVersion=WX-A1-9.2.2-RELEASE&userid=&jmhm=&videocodec=h264&appCode=miguvideo_android&bean=mgspad&tid=android&conFee=0&encrypt=4e44cada74f76bd56e9f8a9794a377cf&sv=10004&ct=android
QTV-5,http://video10.qtv.com.cn/drm/qtv5at/manifest.m3u8
沂沐啊,https://goodiptv.club/douyu/9481137
珠江卫视,http://qjrhc.jydjd.top:2911/udp/224.1.100.24:11111
旅游卫视,http://49.234.31.101:7316/tsfile/live/1091_1.m3u8?key=txiptv&playlive=1&authid=0
CETV4,http://hlszymgsplive.miguvideo.com:8080/migu/kailu/cetv4/50/20240709/index.m3u8?msisdn=20260303180637149721513292428daeb4673fe6585a4c&mdspid=&spid=699004&netType=0&sid=5910022154&pid=2028597139&timestamp=20260303180637&Channel_ID=0116_2600034600-99000-201600010010028&ProgramID=923287339&ParentNodeID=-99&assertID=5910022154&client_ip=47.92.222.227&SecurityKey=20260303180637&promotionId=&mvid=5900006640&mcid=500020&playurlVersion=WX-A1-9.2.2-RELEASE&userid=&jmhm=&videocodec=h264&appCode=miguvideo_android&bean=mgspad&tid=android&conFee=0&encrypt=d0a7f04c1faf221b25962b5706194a7d&sv=10004&ct=android
QTV-6,http://video10.qtv.com.cn/drm/qtv6at/manifest.m3u8
没腿毛的哥哥,https://goodiptv.club/douyu/9720447
CGTN,http://112.27.235.94:8000/hls/17/index.m3u8
旅游卫视,http://111.8.242.124:9999/tsfile/live/1028_1.m3u8?key=txiptv&playlive=1&authid=0
新动力量创一流,http://hlszymgsplive.miguvideo.com:8080/migu/virtuallive2/5900002409/50/20210706/index.m3u8?msisdn=20260303180641016a1a1dea3d4b12831671d1ee99eb35&mdspid=&spid=800033&netType=0&sid=5910019523&pid=2028597139&timestamp=20260303180641&Channel_ID=0116_2600034600-99000-201600010010028&ProgramID=713589837&ParentNodeID=-99&assertID=5910019523&client_ip=47.92.222.227&SecurityKey=20260303180641&promotionId=&mvid=5900002419&mcid=500020&playurlVersion=WX-A1-9.2.2-RELEASE&userid=&jmhm=&videocodec=h264&appCode=miguvideo_android&bean=mgspad&tid=android&conFee=0&encrypt=bcbbfe5cb6e7da4ce5627eca9e418332&sv=10004&ct=android
Shaanxi Agroforestry Satellite TV,http://49.113.179.174:4022/udp/238.125.4.154:5140
沫子瞪片,https://goodiptv.club/douyu/8783035
上海卫视,http://112.27.235.94:8000/hls/28/index.m3u8
旅游卫视,http://111.8.242.103:9999/tsfile/live/1028_1.m3u8?key=txiptv&playlive=1&authid=0
中华特产,http://hlszymgsplive.miguvideo.com:8080/migu/kailu/zhtc/50/20251103/index.m3u8?msisdn=20260303180640e499deac4cac45e8b07c456f254fb38f&mdspid=&spid=600697&netType=0&sid=5910022295&pid=2028597139&timestamp=20260303180640&Channel_ID=0116_2600034600-99000-201600010010028&ProgramID=959986618&ParentNodeID=-99&assertID=5910022295&client_ip=39.98.168.103&SecurityKey=20260303180640&promotionId=&mvid=5900006771&mcid=500020&playurlVersion=WX-A1-9.2.2-RELEASE&userid=&jmhm=&videocodec=h264&appCode=miguvideo_android&bean=mgspad&tid=android&conFee=0&encrypt=1ab6b09e4d626829f77445e177532e2c&sv=10004&ct=android
Shandong Education TV,http://49.113.179.174:4022/udp/238.125.0.156:5140
油兔不二字幕组,https://goodiptv.club/douyu/8850453
苏州4K,http://106.53.99.30/tv/api.php?id=sztv4k
旅游卫视,http://111.8.242.102:9999/tsfile/live/1028_1.m3u8?key=txiptv&playlive=1&authid=0
环球旅游,http://hlszymgsplive.miguvideo.com:8080/migu/kailu/hqly/50/20250915/index.m3u8?msisdn=20260303180642f8f4750025bd4c678cc2ffda78a5ecb6&mdspid=&spid=600697&netType=0&sid=5910022200&pid=2028597139&timestamp=20260303180642&Channel_ID=0116_2600034600-99000-201600010010028&ProgramID=958475356&ParentNodeID=-99&assertID=5910022200&client_ip=47.92.222.227&SecurityKey=20260303180642&promotionId=&mvid=5900006723&mcid=500020&playurlVersion=WX-A1-9.2.2-RELEASE&userid=&jmhm=&videocodec=h264&appCode=miguvideo_android&bean=mgspad&tid=android&conFee=0&encrypt=a21f3c0904fee69874c41d691402e06e&sv=10004&ct=android
Shanghai Education Television Station,http://223.166.234.114:7777/tsfile/live/1033_1.m3u8
泽静,https://goodiptv.club/douyu/9055742
河北4K,http://106.53.99.30/tv/api.php?id=hebtv4k
旅游卫视,http://60.187.247.209:9901/tsfile/live/1001_1.m3u8?key=txiptv&playlive=1&authid=0
茶,http://hlszymgsplive.miguvideo.com:8080/migu/kailu/ydcmc/50/20251225/index.m3u8?msisdn=20260303180642a38a1b30941c423b99f9f5353800d1bc&mdspid=&spid=600603&netType=0&sid=5910022320&pid=2028597139&timestamp=20260303180642&Channel_ID=0116_2600034600-99000-201600010010028&ProgramID=961930369&ParentNodeID=-99&assertID=5910022320&client_ip=39.98.168.103&SecurityKey=20260303180642&promotionId=&mvid=5900006785&mcid=500020&playurlVersion=WX-A1-9.2.2-RELEASE&userid=&jmhm=&videocodec=h264&appCode=miguvideo_android&bean=mgspad&tid=android&conFee=0&encrypt=f64a65fb2470d10da25dea7252906c71&sv=10004&ct=android
Shenzhen Satellite TV (2160p),https://livepull-tcms.sztv.com.cn/live/sz4Kpgm.m3u8
洋房姐姐,https://goodiptv.club/douyu/9172774
CETV-01,https://zby.130519.xyz/PLTV/11/224/3221225775/index.m3u8
旅游卫视,http://60.187.247.209:85/tsfile/live/1001_1.m3u8?key=txiptv&playlive=1&authid=0
